================================================================
== Design Size Report
================================================================

* Total Instructions per Compilation Phase
+---------------+-----------------------------+--------------+----------------------------------------------------------------------------------------+
| Phase         | Step                        | Instructions | Description                                                                            |
+---------------+-----------------------------+--------------+----------------------------------------------------------------------------------------+
| Compile/Link  |                             | 4,931        | After all functions are compiled and linked into a single design                       |
|               |                             |              |                                                                                        |
| Unroll/Inline |                             |              | After user unroll and inline pragmas are applied                                       |
|               | (1) unroll                  | 2,682        | user unroll pragmas are applied                                                        |
|               | (2) simplification          | 2,454        | simplification of applied user unroll pragmas                                          |
|               | (3) inline                  | 2,452        | user inline pragmas are applied                                                        |
|               | (4) simplification          | 2,440        | simplification of applied user inline pragmas                                          |
|               |                             |              |                                                                                        |
| Array/Struct  |                             |              | After user array partition and struct aggregate/disaggregate pragmas are applied       |
|               | (1) array partition         | 2,441        | user array partition pragmas are applied                                               |
|               | (2) simplification          | 2,441        | simplification of applied user array partition & struct aggregate/disaggregate pragmas |
|               | (3) aggregate/disaggregate  | 2,441        | user struct aggregate/disaggregate pragmas are applied                                 |
|               | (4) array reshape           | 2,441        | apply array reshape pragmas                                                            |
|               | (5) access patterns         | 1,958        | array access pattern optmizations                                                      |
|               |                             |              |                                                                                        |
| Performance   |                             |              | After transformations are applied to meet performance pragma targets                   |
|               | (1) loop simplification     | 1,949        | loop and instruction simplification                                                    |
|               | (2) parallelization         | 1,947        | loops are unrolled or pipelined to meet performance targets                            |
|               | (3) array partition         | 1,947        | arrays are partitioned to meet performance targets                                     |
|               | (4) simplification          | 1,947        | simplification of design after performance transformations                             |
|               |                             |              |                                                                                        |
| HW Transforms |                             |              | After hardware transfomations                                                          |
|               | (1) lowering                | 2,459        | initial conversion to HW specific instructions                                         |
|               | (2) optimizations           | 2,476        | high level synthesis optimizations                                                     |
+---------------+-----------------------------+--------------+----------------------------------------------------------------------------------------+

* Instructions per Function for each Compilation Phase
+----------+----------------+--------------+---------------+--------------+-------------+---------------+
| Function | Location       | Compile/Link | Unroll/Inline | Array/Struct | Performance | HW Transforms |
+----------+----------------+--------------+---------------+--------------+-------------+---------------+
|   nms    | nms_impl.cpp:4 | 4,931        | 2,440         | 1,958        | 1,947       | 2,476         |
+----------+----------------+--------------+---------------+--------------+-------------+---------------+

* Design Size Message Settings
+---------------------------------------------+--------+------------------------------------------------------------------+
| Message Setting                             | Value  | Description                                                      |
+---------------------------------------------+--------+------------------------------------------------------------------+
| config_compile -design_size_maximum_warning | 100000 | Show a warning when total design instructions exceeds this value |
+---------------------------------------------+--------+------------------------------------------------------------------+


