

================================================================
== Vitis HLS Report for 'nms_Pipeline_VITIS_LOOP_37_4'
================================================================
* Date:           Tue Mar 26 11:43:38 2024

* Version:        2023.2 (Build 4023990 on Oct 11 2023)
* Project:        cluster_nms_impl
* Solution:       solution1 (Vivado IP Flow Target)
* Product family: zynq
* Target device:  xc7z020-clg400-1


================================================================
== Performance Estimates
================================================================
+ Timing: 
    * Summary: 
    +--------+----------+----------+------------+
    |  Clock |  Target  | Estimated| Uncertainty|
    +--------+----------+----------+------------+
    |ap_clk  |  10.00 ns|  7.206 ns|     2.70 ns|
    +--------+----------+----------+------------+

+ Latency: 
    * Summary: 
    +---------+---------+----------+----------+-----+-----+---------+
    |  Latency (cycles) |  Latency (absolute) |  Interval | Pipeline|
    |   min   |   max   |    min   |    max   | min | max |   Type  |
    +---------+---------+----------+----------+-----+-----+---------+
    |        ?|        ?|         ?|         ?|    ?|    ?|       no|
    +---------+---------+----------+----------+-----+-----+---------+

    + Detail: 
        * Instance: 
        N/A

        * Loop: 
        +-------------------+---------+---------+----------+-----------+-----------+------+----------+
        |                   |  Latency (cycles) | Iteration|  Initiation Interval  | Trip |          |
        |     Loop Name     |   min   |   max   |  Latency |  achieved |   target  | Count| Pipelined|
        +-------------------+---------+---------+----------+-----------+-----------+------+----------+
        |- VITIS_LOOP_37_4  |        ?|        ?|         5|          4|          1|     ?|       yes|
        +-------------------+---------+---------+----------+-----------+-----------+------+----------+



================================================================
== Utilization Estimates
================================================================
* Summary: 
+-----------------+---------+-----+--------+-------+-----+
|       Name      | BRAM_18K| DSP |   FF   |  LUT  | URAM|
+-----------------+---------+-----+--------+-------+-----+
|DSP              |        -|    -|       -|      -|    -|
|Expression       |        -|    -|       0|    730|    -|
|FIFO             |        -|    -|       -|      -|    -|
|Instance         |        -|    -|       -|      -|    -|
|Memory           |        -|    -|       -|      -|    -|
|Multiplexer      |        -|    -|       -|    253|    -|
|Register         |        -|    -|     692|      -|    -|
+-----------------+---------+-----+--------+-------+-----+
|Total            |        0|    0|     692|    983|    0|
+-----------------+---------+-----+--------+-------+-----+
|Available        |      280|  220|  106400|  53200|    0|
+-----------------+---------+-----+--------+-------+-----+
|Utilization (%)  |        0|    0|      ~0|      1|    0|
+-----------------+---------+-----+--------+-------+-----+

+ Detail: 
    * Instance: 
    N/A

    * DSP: 
    N/A

    * Memory: 
    N/A

    * FIFO: 
    N/A

    * Expression: 
    +--------------------------+----------+----+---+----+------------+------------+
    |       Variable Name      | Operation| DSP| FF| LUT| Bitwidth P0| Bitwidth P1|
    +--------------------------+----------+----+---+----+------------+------------+
    |add_ln46_fu_406_p2        |         +|   0|  0|  14|           7|           7|
    |preIndex_fu_379_p2        |         -|   0|  0|  23|          16|          16|
    |and_ln37_1_fu_475_p2      |       and|   0|  0|   2|           1|           1|
    |and_ln37_fu_469_p2        |       and|   0|  0|   2|           1|           1|
    |addr_cmp17_fu_415_p2      |      icmp|   0|  0|  71|          64|          64|
    |addr_cmp23_fu_511_p2      |      icmp|   0|  0|  71|          64|          64|
    |addr_cmp29_fu_503_p2      |      icmp|   0|  0|  71|          64|          64|
    |addr_cmp35_fu_495_p2      |      icmp|   0|  0|  71|          64|          64|
    |addr_cmp41_fu_487_p2      |      icmp|   0|  0|  71|          64|          64|
    |addr_cmp_fu_519_p2        |      icmp|   0|  0|  71|          64|          64|
    |icmp_ln37_1_fu_453_p2     |      icmp|   0|  0|  30|          23|           1|
    |icmp_ln37_2_fu_390_p2     |      icmp|   0|  0|  15|           8|           2|
    |icmp_ln37_3_fu_396_p2     |      icmp|   0|  0|  30|          23|           1|
    |icmp_ln37_fu_447_p2       |      icmp|   0|  0|  15|           8|           2|
    |or_ln37_1_fu_465_p2       |        or|   0|  0|   2|           1|           1|
    |or_ln37_fu_459_p2         |        or|   0|  0|   2|           1|           1|
    |bboxes_info_index_d0      |    select|   0|  0|   7|           1|           7|
    |bboxes_info_x1_d0         |    select|   0|  0|  32|           1|          32|
    |bboxes_info_x2_d0         |    select|   0|  0|  32|           1|          32|
    |bboxes_info_y1_d0         |    select|   0|  0|  32|           1|          32|
    |bboxes_info_y2_d0         |    select|   0|  0|  32|           1|          32|
    |reuse_select18_fu_423_p3  |    select|   0|  0|  32|           1|          32|
    |ap_enable_pp0             |       xor|   0|  0|   2|           1|           2|
    +--------------------------+----------+----+---+----+------------+------------+
    |Total                     |          |   0|  0| 730|         480|         586|
    +--------------------------+----------+----+---+----+------------+------------+

    * Multiplexer: 
    +----------------------------+----+-----------+-----+-----------+
    |            Name            | LUT| Input Size| Bits| Total Bits|
    +----------------------------+----+-----------+-----+-----------+
    |ap_NS_fsm                   |  25|          5|    1|          5|
    |ap_done_int                 |   9|          2|    1|          2|
    |ap_enable_reg_pp0_iter0     |   9|          2|    1|          2|
    |ap_enable_reg_pp0_iter1     |   9|          2|    1|          2|
    |ap_sig_allocacmp_p_pn_load  |  14|          3|   16|         48|
    |bboxes_info_index_address0  |  14|          3|    7|         21|
    |bboxes_info_x1_address0     |  14|          3|    7|         21|
    |bboxes_info_x2_address0     |  14|          3|    7|         21|
    |bboxes_info_y1_address0     |  14|          3|    7|         21|
    |bboxes_info_y2_address0     |  14|          3|    7|         21|
    |p_pn_fu_118                 |   9|          2|   16|         32|
    |reuse_addr_reg14_fu_102     |   9|          2|   64|        128|
    |reuse_addr_reg20_fu_94      |   9|          2|   64|        128|
    |reuse_addr_reg26_fu_86      |   9|          2|   64|        128|
    |reuse_addr_reg32_fu_78      |   9|          2|   64|        128|
    |reuse_addr_reg38_fu_70      |   9|          2|   64|        128|
    |reuse_addr_reg_fu_110       |   9|          2|   64|        128|
    |reuse_reg13_fu_106          |   9|          2|   32|         64|
    |reuse_reg19_fu_98           |   9|          2|   32|         64|
    |reuse_reg25_fu_90           |   9|          2|   32|         64|
    |reuse_reg31_fu_82           |   9|          2|   32|         64|
    |reuse_reg37_fu_74           |   9|          2|   32|         64|
    |reuse_reg_fu_114            |   9|          2|    7|         14|
    +----------------------------+----+-----------+-----+-----------+
    |Total                       | 253|         55|  622|       1298|
    +----------------------------+----+-----------+-----+-----------+

    * Register: 
    +--------------------------------+----+----+-----+-----------+
    |              Name              | FF | LUT| Bits| Const Bits|
    +--------------------------------+----+----+-----+-----------+
    |add_ln46_reg_767                |   7|   0|    7|          0|
    |addr_cmp17_reg_778              |   1|   0|    1|          0|
    |addr_cmp23_reg_845              |   1|   0|    1|          0|
    |addr_cmp29_reg_835              |   1|   0|    1|          0|
    |addr_cmp35_reg_825              |   1|   0|    1|          0|
    |addr_cmp41_reg_815              |   1|   0|    1|          0|
    |addr_cmp_reg_855                |   1|   0|    1|          0|
    |ap_CS_fsm                       |   4|   0|    4|          0|
    |ap_done_reg                     |   1|   0|    1|          0|
    |ap_enable_reg_pp0_iter0_reg     |   1|   0|    1|          0|
    |ap_enable_reg_pp0_iter1         |   1|   0|    1|          0|
    |bboxes_info_score_load_reg_773  |  32|   0|   32|          0|
    |icmp_ln37_2_reg_757             |   1|   0|    1|          0|
    |icmp_ln37_3_reg_762             |   1|   0|    1|          0|
    |p_pn_fu_118                     |  16|   0|   16|          0|
    |preIndex_reg_732                |  16|   0|   16|          0|
    |reuse_addr_reg14_fu_102         |  64|   0|   64|          0|
    |reuse_addr_reg20_fu_94          |  64|   0|   64|          0|
    |reuse_addr_reg26_fu_86          |  64|   0|   64|          0|
    |reuse_addr_reg32_fu_78          |  64|   0|   64|          0|
    |reuse_addr_reg38_fu_70          |  64|   0|   64|          0|
    |reuse_addr_reg_fu_110           |  64|   0|   64|          0|
    |reuse_reg13_fu_106              |  32|   0|   32|          0|
    |reuse_reg19_fu_98               |  32|   0|   32|          0|
    |reuse_reg25_fu_90               |  32|   0|   32|          0|
    |reuse_reg31_fu_82               |  32|   0|   32|          0|
    |reuse_reg37_fu_74               |  32|   0|   32|          0|
    |reuse_reg_fu_114                |   7|   0|    7|          0|
    |reuse_select18_reg_783          |  32|   0|   32|          0|
    |zext_ln37_reg_737               |  16|   0|   64|         48|
    |zext_ln46_reg_794               |   7|   0|   64|         57|
    +--------------------------------+----+----+-----+-----------+
    |Total                           | 692|   0|  797|        105|
    +--------------------------------+----+----+-----+-----------+



================================================================
== Interface
================================================================
* Summary: 
+----------------------------+-----+-----+------------+------------------------------+--------------+
|          RTL Ports         | Dir | Bits|  Protocol  |         Source Object        |    C Type    |
+----------------------------+-----+-----+------------+------------------------------+--------------+
|ap_clk                      |   in|    1|  ap_ctrl_hs|  nms_Pipeline_VITIS_LOOP_37_4|  return value|
|ap_rst                      |   in|    1|  ap_ctrl_hs|  nms_Pipeline_VITIS_LOOP_37_4|  return value|
|ap_start                    |   in|    1|  ap_ctrl_hs|  nms_Pipeline_VITIS_LOOP_37_4|  return value|
|ap_done                     |  out|    1|  ap_ctrl_hs|  nms_Pipeline_VITIS_LOOP_37_4|  return value|
|ap_idle                     |  out|    1|  ap_ctrl_hs|  nms_Pipeline_VITIS_LOOP_37_4|  return value|
|ap_ready                    |  out|    1|  ap_ctrl_hs|  nms_Pipeline_VITIS_LOOP_37_4|  return value|
|grp_fu_5858_p_din0          |  out|   32|  ap_ctrl_hs|  nms_Pipeline_VITIS_LOOP_37_4|  return value|
|grp_fu_5858_p_din1          |  out|   32|  ap_ctrl_hs|  nms_Pipeline_VITIS_LOOP_37_4|  return value|
|grp_fu_5858_p_opcode        |  out|    5|  ap_ctrl_hs|  nms_Pipeline_VITIS_LOOP_37_4|  return value|
|grp_fu_5858_p_dout0         |   in|    1|  ap_ctrl_hs|  nms_Pipeline_VITIS_LOOP_37_4|  return value|
|grp_fu_5858_p_ce            |  out|    1|  ap_ctrl_hs|  nms_Pipeline_VITIS_LOOP_37_4|  return value|
|zext_ln36                   |   in|    7|     ap_none|                     zext_ln36|        scalar|
|zext_ln24                   |   in|    6|     ap_none|                     zext_ln24|        scalar|
|bboxes_info_score_address0  |  out|    7|   ap_memory|             bboxes_info_score|         array|
|bboxes_info_score_ce0       |  out|    1|   ap_memory|             bboxes_info_score|         array|
|bboxes_info_score_we0       |  out|    1|   ap_memory|             bboxes_info_score|         array|
|bboxes_info_score_d0        |  out|   32|   ap_memory|             bboxes_info_score|         array|
|bboxes_info_score_address1  |  out|    7|   ap_memory|             bboxes_info_score|         array|
|bboxes_info_score_ce1       |  out|    1|   ap_memory|             bboxes_info_score|         array|
|bboxes_info_score_q1        |   in|   32|   ap_memory|             bboxes_info_score|         array|
|tmp_1                       |   in|    8|     ap_none|                         tmp_1|        scalar|
|empty                       |   in|   23|     ap_none|                         empty|        scalar|
|temp_score                  |   in|   32|     ap_none|                    temp_score|        scalar|
|zext_ln27                   |   in|    6|     ap_none|                     zext_ln27|        scalar|
|bboxes_info_index_address0  |  out|    7|   ap_memory|             bboxes_info_index|         array|
|bboxes_info_index_ce0       |  out|    1|   ap_memory|             bboxes_info_index|         array|
|bboxes_info_index_we0       |  out|    1|   ap_memory|             bboxes_info_index|         array|
|bboxes_info_index_d0        |  out|    7|   ap_memory|             bboxes_info_index|         array|
|bboxes_info_index_q0        |   in|    7|   ap_memory|             bboxes_info_index|         array|
|bboxes_info_y2_address0     |  out|    7|   ap_memory|                bboxes_info_y2|         array|
|bboxes_info_y2_ce0          |  out|    1|   ap_memory|                bboxes_info_y2|         array|
|bboxes_info_y2_we0          |  out|    1|   ap_memory|                bboxes_info_y2|         array|
|bboxes_info_y2_d0           |  out|   32|   ap_memory|                bboxes_info_y2|         array|
|bboxes_info_y2_q0           |   in|   32|   ap_memory|                bboxes_info_y2|         array|
|bboxes_info_x2_address0     |  out|    7|   ap_memory|                bboxes_info_x2|         array|
|bboxes_info_x2_ce0          |  out|    1|   ap_memory|                bboxes_info_x2|         array|
|bboxes_info_x2_we0          |  out|    1|   ap_memory|                bboxes_info_x2|         array|
|bboxes_info_x2_d0           |  out|   32|   ap_memory|                bboxes_info_x2|         array|
|bboxes_info_x2_q0           |   in|   32|   ap_memory|                bboxes_info_x2|         array|
|bboxes_info_y1_address0     |  out|    7|   ap_memory|                bboxes_info_y1|         array|
|bboxes_info_y1_ce0          |  out|    1|   ap_memory|                bboxes_info_y1|         array|
|bboxes_info_y1_we0          |  out|    1|   ap_memory|                bboxes_info_y1|         array|
|bboxes_info_y1_d0           |  out|   32|   ap_memory|                bboxes_info_y1|         array|
|bboxes_info_y1_q0           |   in|   32|   ap_memory|                bboxes_info_y1|         array|
|bboxes_info_x1_address0     |  out|    7|   ap_memory|                bboxes_info_x1|         array|
|bboxes_info_x1_ce0          |  out|    1|   ap_memory|                bboxes_info_x1|         array|
|bboxes_info_x1_we0          |  out|    1|   ap_memory|                bboxes_info_x1|         array|
|bboxes_info_x1_d0           |  out|   32|   ap_memory|                bboxes_info_x1|         array|
|bboxes_info_x1_q0           |   in|   32|   ap_memory|                bboxes_info_x1|         array|
|zext_ln46_out               |  out|    7|      ap_vld|                 zext_ln46_out|       pointer|
|zext_ln46_out_ap_vld        |  out|    1|      ap_vld|                 zext_ln46_out|       pointer|
+----------------------------+-----+-----+------------+------------------------------+--------------+

