/media/he/c6c60fc3-65e5-407b-86ac-16ca6e42848f/he/Vitis_HLS_Work/cluster_nms_impl/solution1/csynth.tcl:18:9: warning: HLS pragma dump _XLX_SEP_ PragmaIsValid=1_XLX_SEP_ PragmaType=top_XLX_SEP_ PragmaContext=directive_XLX_SEP_ PragmaFunction=nms_XLX_SEP_ PragmaOptions=name=nms_XLX_SEP_ [-Wdump-hls-pragmas]
#pragma HLSDIRECTIVE TOP name=nms
        ^
/media/he/c6c60fc3-65e5-407b-86ac-16ca6e42848f/he/Vitis_HLS_Work/cluster_nms_impl/solution1/directives.tcl:7:9: warning: HLS pragma dump _XLX_SEP_ PragmaIsValid=1_XLX_SEP_ PragmaType=top_XLX_SEP_ PragmaContext=directive_XLX_SEP_ PragmaFunction=nms_XLX_SEP_ PragmaOptions=name=nms_XLX_SEP_ [-Wdump-hls-pragmas]
#pragma HLSDIRECTIVE TOP name=nms
        ^
cluster_nms_impl/src/nms_impl.cpp:6:9: warning: HLS pragma dump _XLX_SEP_ PragmaIsValid=1_XLX_SEP_ PragmaType=interface_XLX_SEP_ PragmaContext=_XLX_SEP_ PragmaFunction=nms_XLX_SEP_ PragmaOptions=mode=m_axi bundle=gmem depth=100 port=indices offset=slave_XLX_SEP_ [-Wdump-hls-pragmas]
#pragma HLS INTERFACE mode=m_axi bundle=gmem depth=100 port=indices offset=slave
        ^
cluster_nms_impl/src/nms_impl.cpp:7:9: warning: HLS pragma dump _XLX_SEP_ PragmaIsValid=1_XLX_SEP_ PragmaType=interface_XLX_SEP_ PragmaContext=_XLX_SEP_ PragmaFunction=nms_XLX_SEP_ PragmaOptions=mode=m_axi bundle=gmem1 depth=100 port=scores offset=slave_XLX_SEP_ [-Wdump-hls-pragmas]
#pragma HLS INTERFACE mode=m_axi bundle=gmem1 depth=100 port=scores offset=slave
        ^
cluster_nms_impl/src/nms_impl.cpp:8:9: warning: HLS pragma dump _XLX_SEP_ PragmaIsValid=1_XLX_SEP_ PragmaType=interface_XLX_SEP_ PragmaContext=_XLX_SEP_ PragmaFunction=nms_XLX_SEP_ PragmaOptions=mode=m_axi bundle=gmem0 depth=400 port=bboxes offset=slave_XLX_SEP_ [-Wdump-hls-pragmas]
#pragma HLS INTERFACE mode=m_axi bundle=gmem0 depth=400 port=bboxes offset=slave
        ^
cluster_nms_impl/src/nms_impl.cpp:9:9: warning: HLS pragma dump _XLX_SEP_ PragmaIsValid=1_XLX_SEP_ PragmaType=interface_XLX_SEP_ PragmaContext=_XLX_SEP_ PragmaFunction=nms_XLX_SEP_ PragmaOptions=s_axilite port=threshold_XLX_SEP_ [-Wdump-hls-pragmas]
#pragma HLS INTERFACE s_axilite port=threshold
        ^
cluster_nms_impl/src/nms_impl.cpp:10:9: warning: HLS pragma dump _XLX_SEP_ PragmaIsValid=1_XLX_SEP_ PragmaType=interface_XLX_SEP_ PragmaContext=_XLX_SEP_ PragmaFunction=nms_XLX_SEP_ PragmaOptions=s_axilite port=return_XLX_SEP_ [-Wdump-hls-pragmas]
#pragma HLS INTERFACE s_axilite port=return
        ^
cluster_nms_impl/src/nms_impl.cpp:14:9: warning: HLS pragma dump _XLX_SEP_ PragmaIsValid=1_XLX_SEP_ PragmaType=unroll_XLX_SEP_ PragmaContext=_XLX_SEP_ PragmaFunction=nms_XLX_SEP_ PragmaOptions=_XLX_SEP_ [-Wdump-hls-pragmas]
#pragma HLS unroll
        ^
cluster_nms_impl/src/nms_impl.cpp:29:9: warning: HLS pragma dump _XLX_SEP_ PragmaIsValid=1_XLX_SEP_ PragmaType=unroll_XLX_SEP_ PragmaContext=_XLX_SEP_ PragmaFunction=nms_XLX_SEP_ PragmaOptions=_XLX_SEP_ [-Wdump-hls-pragmas]
#pragma HLS unroll
        ^
cluster_nms_impl/src/nms_impl.cpp:60:9: warning: HLS pragma dump _XLX_SEP_ PragmaIsValid=1_XLX_SEP_ PragmaType=unroll_XLX_SEP_ PragmaContext=_XLX_SEP_ PragmaFunction=nms_XLX_SEP_ PragmaOptions=_XLX_SEP_ [-Wdump-hls-pragmas]
#pragma HLS unroll
        ^
cluster_nms_impl/src/nms_impl.cpp:66:9: warning: HLS pragma dump _XLX_SEP_ PragmaIsValid=1_XLX_SEP_ PragmaType=pipeline_XLX_SEP_ PragmaContext=_XLX_SEP_ PragmaFunction=nms_XLX_SEP_ PragmaOptions=ii = 1_XLX_SEP_ [-Wdump-hls-pragmas]
#pragma HLS pipeline ii = 1
        ^
cluster_nms_impl/src/nms_impl.cpp:87:9: warning: HLS pragma dump _XLX_SEP_ PragmaIsValid=1_XLX_SEP_ PragmaType=pipeline_XLX_SEP_ PragmaContext=_XLX_SEP_ PragmaFunction=nms_XLX_SEP_ PragmaOptions=ii = 1_XLX_SEP_ [-Wdump-hls-pragmas]
#pragma HLS pipeline ii = 1
        ^
12 warnings generated.
